2026-03-12 19:28:35.147 -03:00 [WRN] The property 'TaskItem.Tags' is a collection or enumeration type with a value converter but with no value comparer. Set a value comparer to ensure the collection/enumeration elements are compared correctly.
2026-03-12 19:28:35.735 -03:00 [INF] Executed DbCommand (17ms) [Parameters=[], CommandType='"Text"', CommandTimeout='30']
SELECT 1
2026-03-12 19:28:35.784 -03:00 [INF] Executed DbCommand (32ms) [Parameters=[], CommandType='"Text"', CommandTimeout='30']

IF EXISTS
    (SELECT *
     FROM [sys].[objects] o
     WHERE [o].[type] = 'U'
     AND [o].[is_ms_shipped] = 0
     AND NOT EXISTS (SELECT *
         FROM [sys].[extended_properties] AS [ep]
         WHERE [ep].[major_id] = [o].[object_id]
             AND [ep].[minor_id] = 0
             AND [ep].[class] = 1
             AND [ep].[name] = N'microsoft_database_tools_support'
    )
)
SELECT 1 ELSE SELECT 0
2026-03-12 19:28:36.009 -03:00 [INF] User profile is available. Using 'C:\Users\Leo\AppData\Local\ASP.NET\DataProtection-Keys' as key repository and Windows DPAPI to encrypt keys at rest.
2026-03-12 19:28:36.020 -03:00 [INF] Outbox processor started.
2026-03-12 19:28:36.375 -03:00 [INF] Executed DbCommand (40ms) [Parameters=[@__p_0='?' (DbType = Int32)], CommandType='"Text"', CommandTimeout='30']
SELECT TOP(@__p_0) [o].[Id], [o].[CreatedAt], [o].[Error], [o].[Payload], [o].[ProcessedAt], [o].[RetryCount], [o].[Type]
FROM [OutboxMessages] AS [o]
WHERE [o].[ProcessedAt] IS NULL AND [o].[RetryCount] < 3
ORDER BY [o].[CreatedAt]
2026-03-12 19:28:36.624 -03:00 [INF] Now listening on: https://localhost:7001
2026-03-12 19:28:36.625 -03:00 [INF] Now listening on: http://localhost:5001
2026-03-12 19:28:36.696 -03:00 [INF] Application started. Press Ctrl+C to shut down.
2026-03-12 19:28:36.698 -03:00 [INF] Hosting environment: Development
2026-03-12 19:28:36.699 -03:00 [INF] Content root path: E:\Projects\dotnet-clean-api-v2\src\API
2026-03-12 19:28:36.995 -03:00 [INF] Request starting HTTP/2 GET https://localhost:7001/swagger/index.html - null null
2026-03-12 19:28:37.233 -03:00 [INF] Request finished HTTP/2 GET https://localhost:7001/swagger/index.html - 200 null text/html;charset=utf-8 244.7227ms
2026-03-12 19:28:37.520 -03:00 [INF] Request starting HTTP/2 GET https://localhost:7001/_framework/aspnetcore-browser-refresh.js - null null
2026-03-12 19:28:37.520 -03:00 [INF] Request starting HTTP/2 GET https://localhost:7001/_vs/browserLink - null null
2026-03-12 19:28:37.541 -03:00 [INF] Request finished HTTP/2 GET https://localhost:7001/_framework/aspnetcore-browser-refresh.js - 200 13760 application/javascript; charset=utf-8 21.4006ms
2026-03-12 19:28:37.629 -03:00 [INF] Request finished HTTP/2 GET https://localhost:7001/_vs/browserLink - 200 null text/javascript; charset=UTF-8 109.112ms
2026-03-12 19:28:37.692 -03:00 [INF] Request starting HTTP/2 GET https://localhost:7001/swagger/v1/swagger.json - null null
2026-03-12 19:28:37.749 -03:00 [INF] Request finished HTTP/2 GET https://localhost:7001/swagger/v1/swagger.json - 200 null application/json;charset=utf-8 58.2048ms
2026-03-12 19:28:46.474 -03:00 [INF] Executed DbCommand (6ms) [Parameters=[@__p_0='?' (DbType = Int32)], CommandType='"Text"', CommandTimeout='30']
SELECT TOP(@__p_0) [o].[Id], [o].[CreatedAt], [o].[Error], [o].[Payload], [o].[ProcessedAt], [o].[RetryCount], [o].[Type]
FROM [OutboxMessages] AS [o]
WHERE [o].[ProcessedAt] IS NULL AND [o].[RetryCount] < 3
ORDER BY [o].[CreatedAt]
2026-03-12 19:28:51.667 -03:00 [INF] Request starting HTTP/2 GET https://localhost:7001/api/Tasks?sortBy=CreatedAt&sortDescending=true&page=1&pageSize=20 - null null
2026-03-12 19:28:51.861 -03:00 [INF] Authorization failed. These requirements were not met:
DenyAnonymousAuthorizationRequirement: Requires an authenticated user.
2026-03-12 19:28:51.874 -03:00 [INF] AuthenticationScheme: Bearer was challenged.
2026-03-12 19:28:51.886 -03:00 [INF] HTTP GET /api/Tasks responded 401 in 190.7451 ms
2026-03-12 19:28:51.891 -03:00 [INF] Request finished HTTP/2 GET https://localhost:7001/api/Tasks?sortBy=CreatedAt&sortDescending=true&page=1&pageSize=20 - 401 0 null 224.494ms
2026-03-12 19:28:56.502 -03:00 [INF] Executed DbCommand (2ms) [Parameters=[@__p_0='?' (DbType = Int32)], CommandType='"Text"', CommandTimeout='30']
SELECT TOP(@__p_0) [o].[Id], [o].[CreatedAt], [o].[Error], [o].[Payload], [o].[ProcessedAt], [o].[RetryCount], [o].[Type]
FROM [OutboxMessages] AS [o]
WHERE [o].[ProcessedAt] IS NULL AND [o].[RetryCount] < 3
ORDER BY [o].[CreatedAt]
2026-03-12 19:29:06.524 -03:00 [INF] Executed DbCommand (1ms) [Parameters=[@__p_0='?' (DbType = Int32)], CommandType='"Text"', CommandTimeout='30']
SELECT TOP(@__p_0) [o].[Id], [o].[CreatedAt], [o].[Error], [o].[Payload], [o].[ProcessedAt], [o].[RetryCount], [o].[Type]
FROM [OutboxMessages] AS [o]
WHERE [o].[ProcessedAt] IS NULL AND [o].[RetryCount] < 3
ORDER BY [o].[CreatedAt]
2026-03-12 19:29:14.058 -03:00 [INF] Request starting HTTP/2 POST https://localhost:7001/api/Auth/login - application/json 93
2026-03-12 19:29:14.080 -03:00 [INF] Executing endpoint 'TaskFlow.API.Controllers.AuthController.Login (TaskFlow.API)'
2026-03-12 19:29:14.129 -03:00 [INF] Route matched with {action = "Login", controller = "Auth"}. Executing controller action with signature System.Threading.Tasks.Task`1[Microsoft.AspNetCore.Mvc.IActionResult] Login(TaskFlow.Application.Features.Auth.Commands.LoginCommand) on controller TaskFlow.API.Controllers.AuthController (TaskFlow.API).
2026-03-12 19:29:14.250 -03:00 [INF] Handling LoginCommand
2026-03-12 19:29:14.341 -03:00 [INF] Executed DbCommand (9ms) [Parameters=[@__slug_0='?' (Size = 50)], CommandType='"Text"', CommandTimeout='30']
SELECT TOP(1) [t].[Id], [t].[CreatedAt], [t].[DeletedAt], [t].[DeletedByUserId], [t].[IsActive], [t].[IsDeleted], [t].[Name], [t].[Slug], [t].[UpdatedAt]
FROM [Tenants] AS [t]
WHERE [t].[Slug] = @__slug_0
2026-03-12 19:29:14.531 -03:00 [INF] Executed DbCommand (3ms) [Parameters=[@__ToLowerInvariant_0='?' (Size = 200), @__tenantId_1='?' (DbType = Int32)], CommandType='"Text"', CommandTimeout='30']
SELECT TOP(1) [u].[Id], [u].[CreatedAt], [u].[DeletedAt], [u].[DeletedByUserId], [u].[Email], [u].[FullName], [u].[IsActive], [u].[IsDeleted], [u].[PasswordHash], [u].[Role], [u].[TenantId], [u].[UpdatedAt]
FROM [Users] AS [u]
WHERE [u].[Email] = @__ToLowerInvariant_0 AND [u].[TenantId] = @__tenantId_1
2026-03-12 19:29:15.594 -03:00 [INF] Executed DbCommand (4ms) [Parameters=[@p0='?' (DbType = DateTime2), @p1='?' (DbType = DateTime2), @p2='?' (DbType = Boolean), @p3='?' (Size = 4000), @p4='?' (DbType = DateTime2), @p5='?' (DbType = Int32), @p6='?' (Size = 500), @p7='?' (DbType = Int32)], CommandType='"Text"', CommandTimeout='30']
SET IMPLICIT_TRANSACTIONS OFF;
SET NOCOUNT ON;
INSERT INTO [RefreshTokens] ([CreatedAt], [ExpiresAt], [IsRevoked], [ReplacedByToken], [RevokedAt], [TenantId], [Token], [UserId])
OUTPUT INSERTED.[Id]
VALUES (@p0, @p1, @p2, @p3, @p4, @p5, @p6, @p7);
2026-03-12 19:29:15.659 -03:00 [INF] Executed DbCommand (3ms) [Parameters=[@p0='?' (Size = 100), @p1='?' (DbType = Int32), @p2='?' (Size = 100), @p3='?' (Size = 4000), @p4='?' (Size = 4000), @p5='?' (DbType = DateTime2), @p6='?' (Size = 4000), @p7='?' (DbType = Int32), @p8='?' (Size = 200), @p9='?' (DbType = Int32)], CommandType='"Text"', CommandTimeout='30']
SET IMPLICIT_TRANSACTIONS OFF;
SET NOCOUNT ON;
INSERT INTO [AuditLogs] ([Action], [EntityId], [EntityName], [IpAddress], [NewValues], [OccurredAt], [OldValues], [TenantId], [UserEmail], [UserId])
OUTPUT INSERTED.[Id]
VALUES (@p0, @p1, @p2, @p3, @p4, @p5, @p6, @p7, @p8, @p9);
2026-03-12 19:29:15.669 -03:00 [INF] Handled LoginCommand
2026-03-12 19:29:15.678 -03:00 [INF] Executing OkObjectResult, writing value of type 'TaskFlow.Application.Features.Auth.Commands.AuthResult'.
2026-03-12 19:29:15.687 -03:00 [INF] Executed action TaskFlow.API.Controllers.AuthController.Login (TaskFlow.API) in 1545.2372ms
2026-03-12 19:29:15.689 -03:00 [INF] Executed endpoint 'TaskFlow.API.Controllers.AuthController.Login (TaskFlow.API)'
2026-03-12 19:29:15.692 -03:00 [INF] HTTP POST /api/Auth/login responded 200 in 1624.8027 ms
2026-03-12 19:29:15.698 -03:00 [INF] Request finished HTTP/2 POST https://localhost:7001/api/Auth/login - 200 null application/json; charset=utf-8 1639.6156ms
2026-03-12 19:29:16.546 -03:00 [INF] Executed DbCommand (2ms) [Parameters=[@__p_0='?' (DbType = Int32)], CommandType='"Text"', CommandTimeout='30']
SELECT TOP(@__p_0) [o].[Id], [o].[CreatedAt], [o].[Error], [o].[Payload], [o].[ProcessedAt], [o].[RetryCount], [o].[Type]
FROM [OutboxMessages] AS [o]
WHERE [o].[ProcessedAt] IS NULL AND [o].[RetryCount] < 3
ORDER BY [o].[CreatedAt]
2026-03-12 19:29:26.591 -03:00 [INF] Executed DbCommand (24ms) [Parameters=[@__p_0='?' (DbType = Int32)], CommandType='"Text"', CommandTimeout='30']
SELECT TOP(@__p_0) [o].[Id], [o].[CreatedAt], [o].[Error], [o].[Payload], [o].[ProcessedAt], [o].[RetryCount], [o].[Type]
FROM [OutboxMessages] AS [o]
WHERE [o].[ProcessedAt] IS NULL AND [o].[RetryCount] < 3
ORDER BY [o].[CreatedAt]
2026-03-12 19:29:30.535 -03:00 [INF] Request starting HTTP/2 GET https://localhost:7001/api/Tasks?sortBy=CreatedAt&sortDescending=true&page=1&pageSize=20 - null null
2026-03-12 19:29:30.718 -03:00 [INF] Executing endpoint 'TaskFlow.API.Controllers.TasksController.GetAll (TaskFlow.API)'
2026-03-12 19:29:30.733 -03:00 [INF] Route matched with {action = "GetAll", controller = "Tasks"}. Executing controller action with signature System.Threading.Tasks.Task`1[Microsoft.AspNetCore.Mvc.IActionResult] GetAll(System.String, System.String, System.String, System.Nullable`1[System.Int32], System.Nullable`1[System.DateTime], System.String, System.String, Boolean, Int32, Int32) on controller TaskFlow.API.Controllers.TasksController (TaskFlow.API).
2026-03-12 19:29:30.759 -03:00 [INF] Handling GetTasksQuery
2026-03-12 19:29:31.199 -03:00 [INF] Executed DbCommand (2ms) [Parameters=[@__query_TenantId_0='?' (DbType = Int32)], CommandType='"Text"', CommandTimeout='30']
SELECT COUNT(*)
FROM [Tasks] AS [t]
WHERE [t].[IsDeleted] = CAST(0 AS bit) AND [t].[TenantId] = @__query_TenantId_0
2026-03-12 19:29:31.327 -03:00 [INF] Executed DbCommand (17ms) [Parameters=[@__query_TenantId_0='?' (DbType = Int32), @__p_1='?' (DbType = Int32), @__p_2='?' (DbType = Int32)], CommandType='"Text"', CommandTimeout='30']
SELECT [t0].[Id], [t0].[AssignedToUserId], [t0].[CompletedAt], [t0].[CreatedAt], [t0].[CreatedByUserId], [t0].[DeletedAt], [t0].[DeletedByUserId], [t0].[Description], [t0].[DueDate], [t0].[IsDeleted], [t0].[Priority], [t0].[Status], [t0].[Tags], [t0].[TenantId], [t0].[Title], [t0].[UpdatedAt], [u].[Id], [u].[CreatedAt], [u].[DeletedAt], [u].[DeletedByUserId], [u].[Email], [u].[FullName], [u].[IsActive], [u].[IsDeleted], [u].[PasswordHash], [u].[Role], [u].[TenantId], [u].[UpdatedAt], [t1].[Id], [t1].[Content], [t1].[CreatedAt], [t1].[DeletedAt], [t1].[DeletedByUserId], [t1].[IsDeleted], [t1].[IsEdited], [t1].[TaskItemId], [t1].[TenantId], [t1].[UpdatedAt], [t1].[UserId]
FROM (
    SELECT [t].[Id], [t].[AssignedToUserId], [t].[CompletedAt], [t].[CreatedAt], [t].[CreatedByUserId], [t].[DeletedAt], [t].[DeletedByUserId], [t].[Description], [t].[DueDate], [t].[IsDeleted], [t].[Priority], [t].[Status], [t].[Tags], [t].[TenantId], [t].[Title], [t].[UpdatedAt]
    FROM [Tasks] AS [t]
    WHERE [t].[IsDeleted] = CAST(0 AS bit) AND [t].[TenantId] = @__query_TenantId_0
    ORDER BY [t].[CreatedAt] DESC
    OFFSET @__p_1 ROWS FETCH NEXT @__p_2 ROWS ONLY
) AS [t0]
LEFT JOIN [Users] AS [u] ON [t0].[AssignedToUserId] = [u].[Id]
LEFT JOIN (
    SELECT [t2].[Id], [t2].[Content], [t2].[CreatedAt], [t2].[DeletedAt], [t2].[DeletedByUserId], [t2].[IsDeleted], [t2].[IsEdited], [t2].[TaskItemId], [t2].[TenantId], [t2].[UpdatedAt], [t2].[UserId]
    FROM [TaskComments] AS [t2]
    WHERE [t2].[IsDeleted] = CAST(0 AS bit)
) AS [t1] ON [t0].[Id] = [t1].[TaskItemId]
ORDER BY [t0].[CreatedAt] DESC, [t0].[Id], [u].[Id]
2026-03-12 19:29:31.452 -03:00 [INF] Handled GetTasksQuery
2026-03-12 19:29:31.455 -03:00 [INF] Executing OkObjectResult, writing value of type 'TaskFlow.Application.Common.Models.PagedResult`1[[TaskFlow.Application.Features.Tasks.Commands.TaskDto, TaskFlow.Application, Version=1.0.0.0, Culture=neutral, PublicKeyToken=null]]'.
2026-03-12 19:29:31.463 -03:00 [INF] Executed action TaskFlow.API.Controllers.TasksController.GetAll (TaskFlow.API) in 722.2188ms
2026-03-12 19:29:31.465 -03:00 [INF] Executed endpoint 'TaskFlow.API.Controllers.TasksController.GetAll (TaskFlow.API)'
2026-03-12 19:29:31.466 -03:00 [INF] HTTP GET /api/Tasks responded 200 in 923.1617 ms
2026-03-12 19:29:31.469 -03:00 [INF] Request finished HTTP/2 GET https://localhost:7001/api/Tasks?sortBy=CreatedAt&sortDescending=true&page=1&pageSize=20 - 200 null application/json; charset=utf-8 934.8596ms
2026-03-12 19:29:36.634 -03:00 [INF] Executed DbCommand (1ms) [Parameters=[@__p_0='?' (DbType = Int32)], CommandType='"Text"', CommandTimeout='30']
SELECT TOP(@__p_0) [o].[Id], [o].[CreatedAt], [o].[Error], [o].[Payload], [o].[ProcessedAt], [o].[RetryCount], [o].[Type]
FROM [OutboxMessages] AS [o]
WHERE [o].[ProcessedAt] IS NULL AND [o].[RetryCount] < 3
ORDER BY [o].[CreatedAt]
2026-03-12 19:29:41.361 -03:00 [INF] Request starting HTTP/2 GET https://localhost:7001/api/Tasks/2 - null null
2026-03-12 19:29:41.368 -03:00 [INF] Executing endpoint 'TaskFlow.API.Controllers.TasksController.GetById (TaskFlow.API)'
2026-03-12 19:29:41.373 -03:00 [INF] Route matched with {action = "GetById", controller = "Tasks"}. Executing controller action with signature System.Threading.Tasks.Task`1[Microsoft.AspNetCore.Mvc.IActionResult] GetById(Int32) on controller TaskFlow.API.Controllers.TasksController (TaskFlow.API).
2026-03-12 19:29:41.381 -03:00 [INF] Handling GetTaskByIdQuery
2026-03-12 19:29:41.446 -03:00 [INF] Executed DbCommand (21ms) [Parameters=[@__id_0='?' (DbType = Int32), @__tenantId_1='?' (DbType = Int32)], CommandType='"Text"', CommandTimeout='30']
SELECT [t0].[Id], [t0].[AssignedToUserId], [t0].[CompletedAt], [t0].[CreatedAt], [t0].[CreatedByUserId], [t0].[DeletedAt], [t0].[DeletedByUserId], [t0].[Description], [t0].[DueDate], [t0].[IsDeleted], [t0].[Priority], [t0].[Status], [t0].[Tags], [t0].[TenantId], [t0].[Title], [t0].[UpdatedAt], [t0].[Id0], [t0].[CreatedAt0], [t0].[DeletedAt0], [t0].[DeletedByUserId0], [t0].[Email], [t0].[FullName], [t0].[IsActive], [t0].[IsDeleted0], [t0].[PasswordHash], [t0].[Role], [t0].[TenantId0], [t0].[UpdatedAt0], [t0].[Id1], [t0].[CreatedAt1], [t0].[DeletedAt1], [t0].[DeletedByUserId1], [t0].[Email0], [t0].[FullName0], [t0].[IsActive0], [t0].[IsDeleted1], [t0].[PasswordHash0], [t0].[Role0], [t0].[TenantId1], [t0].[UpdatedAt1], [t1].[Id], [t1].[Content], [t1].[CreatedAt], [t1].[DeletedAt], [t1].[DeletedByUserId], [t1].[IsDeleted], [t1].[IsEdited], [t1].[TaskItemId], [t1].[TenantId], [t1].[UpdatedAt], [t1].[UserId], [t1].[Id0], [t1].[CreatedAt0], [t1].[DeletedAt0], [t1].[DeletedByUserId0], [t1].[Email], [t1].[FullName], [t1].[IsActive], [t1].[IsDeleted0], [t1].[PasswordHash], [t1].[Role], [t1].[TenantId0], [t1].[UpdatedAt0]
FROM (
    SELECT TOP(1) [t].[Id], [t].[AssignedToUserId], [t].[CompletedAt], [t].[CreatedAt], [t].[CreatedByUserId], [t].[DeletedAt], [t].[DeletedByUserId], [t].[Description], [t].[DueDate], [t].[IsDeleted], [t].[Priority], [t].[Status], [t].[Tags], [t].[TenantId], [t].[Title], [t].[UpdatedAt], [u].[Id] AS [Id0], [u].[CreatedAt] AS [CreatedAt0], [u].[DeletedAt] AS [DeletedAt0], [u].[DeletedByUserId] AS [DeletedByUserId0], [u].[Email], [u].[FullName], [u].[IsActive], [u].[IsDeleted] AS [IsDeleted0], [u].[PasswordHash], [u].[Role], [u].[TenantId] AS [TenantId0], [u].[UpdatedAt] AS [UpdatedAt0], [u0].[Id] AS [Id1], [u0].[CreatedAt] AS [CreatedAt1], [u0].[DeletedAt] AS [DeletedAt1], [u0].[DeletedByUserId] AS [DeletedByUserId1], [u0].[Email] AS [Email0], [u0].[FullName] AS [FullName0], [u0].[IsActive] AS [IsActive0], [u0].[IsDeleted] AS [IsDeleted1], [u0].[PasswordHash] AS [PasswordHash0], [u0].[Role] AS [Role0], [u0].[TenantId] AS [TenantId1], [u0].[UpdatedAt] AS [UpdatedAt1]
    FROM [Tasks] AS [t]
    INNER JOIN [Users] AS [u] ON [t].[CreatedByUserId] = [u].[Id]
    LEFT JOIN [Users] AS [u0] ON [t].[AssignedToUserId] = [u0].[Id]
    WHERE [t].[IsDeleted] = CAST(0 AS bit) AND [t].[Id] = @__id_0 AND [t].[TenantId] = @__tenantId_1
) AS [t0]
LEFT JOIN (
    SELECT [t2].[Id], [t2].[Content], [t2].[CreatedAt], [t2].[DeletedAt], [t2].[DeletedByUserId], [t2].[IsDeleted], [t2].[IsEdited], [t2].[TaskItemId], [t2].[TenantId], [t2].[UpdatedAt], [t2].[UserId], [u1].[Id] AS [Id0], [u1].[CreatedAt] AS [CreatedAt0], [u1].[DeletedAt] AS [DeletedAt0], [u1].[DeletedByUserId] AS [DeletedByUserId0], [u1].[Email], [u1].[FullName], [u1].[IsActive], [u1].[IsDeleted] AS [IsDeleted0], [u1].[PasswordHash], [u1].[Role], [u1].[TenantId] AS [TenantId0], [u1].[UpdatedAt] AS [UpdatedAt0]
    FROM [TaskComments] AS [t2]
    INNER JOIN [Users] AS [u1] ON [t2].[UserId] = [u1].[Id]
    WHERE [t2].[IsDeleted] = CAST(0 AS bit)
) AS [t1] ON [t0].[Id] = [t1].[TaskItemId]
ORDER BY [t0].[Id], [t0].[Id0], [t0].[Id1], [t1].[Id]
2026-03-12 19:29:41.468 -03:00 [INF] Handled GetTaskByIdQuery
2026-03-12 19:29:41.469 -03:00 [INF] Executing OkObjectResult, writing value of type 'TaskFlow.Application.Features.Tasks.Commands.TaskDto'.
2026-03-12 19:29:41.471 -03:00 [INF] Executed action TaskFlow.API.Controllers.TasksController.GetById (TaskFlow.API) in 95.5538ms
2026-03-12 19:29:41.476 -03:00 [INF] Executed endpoint 'TaskFlow.API.Controllers.TasksController.GetById (TaskFlow.API)'
2026-03-12 19:29:41.478 -03:00 [INF] HTTP GET /api/Tasks/2 responded 200 in 112.5394 ms
2026-03-12 19:29:41.480 -03:00 [INF] Request finished HTTP/2 GET https://localhost:7001/api/Tasks/2 - 200 null application/json; charset=utf-8 119.7866ms
2026-03-12 19:29:46.655 -03:00 [INF] Executed DbCommand (2ms) [Parameters=[@__p_0='?' (DbType = Int32)], CommandType='"Text"', CommandTimeout='30']
SELECT TOP(@__p_0) [o].[Id], [o].[CreatedAt], [o].[Error], [o].[Payload], [o].[ProcessedAt], [o].[RetryCount], [o].[Type]
FROM [OutboxMessages] AS [o]
WHERE [o].[ProcessedAt] IS NULL AND [o].[RetryCount] < 3
ORDER BY [o].[CreatedAt]
2026-03-12 19:29:56.668 -03:00 [INF] Executed DbCommand (2ms) [Parameters=[@__p_0='?' (DbType = Int32)], CommandType='"Text"', CommandTimeout='30']
SELECT TOP(@__p_0) [o].[Id], [o].[CreatedAt], [o].[Error], [o].[Payload], [o].[ProcessedAt], [o].[RetryCount], [o].[Type]
FROM [OutboxMessages] AS [o]
WHERE [o].[ProcessedAt] IS NULL AND [o].[RetryCount] < 3
ORDER BY [o].[CreatedAt]
2026-03-12 19:30:06.679 -03:00 [INF] Executed DbCommand (1ms) [Parameters=[@__p_0='?' (DbType = Int32)], CommandType='"Text"', CommandTimeout='30']
SELECT TOP(@__p_0) [o].[Id], [o].[CreatedAt], [o].[Error], [o].[Payload], [o].[ProcessedAt], [o].[RetryCount], [o].[Type]
FROM [OutboxMessages] AS [o]
WHERE [o].[ProcessedAt] IS NULL AND [o].[RetryCount] < 3
ORDER BY [o].[CreatedAt]
2026-03-12 19:30:16.701 -03:00 [INF] Executed DbCommand (2ms) [Parameters=[@__p_0='?' (DbType = Int32)], CommandType='"Text"', CommandTimeout='30']
SELECT TOP(@__p_0) [o].[Id], [o].[CreatedAt], [o].[Error], [o].[Payload], [o].[ProcessedAt], [o].[RetryCount], [o].[Type]
FROM [OutboxMessages] AS [o]
WHERE [o].[ProcessedAt] IS NULL AND [o].[RetryCount] < 3
ORDER BY [o].[CreatedAt]
2026-03-12 19:30:26.716 -03:00 [INF] Executed DbCommand (5ms) [Parameters=[@__p_0='?' (DbType = Int32)], CommandType='"Text"', CommandTimeout='30']
SELECT TOP(@__p_0) [o].[Id], [o].[CreatedAt], [o].[Error], [o].[Payload], [o].[ProcessedAt], [o].[RetryCount], [o].[Type]
FROM [OutboxMessages] AS [o]
WHERE [o].[ProcessedAt] IS NULL AND [o].[RetryCount] < 3
ORDER BY [o].[CreatedAt]
2026-03-12 19:30:36.742 -03:00 [INF] Executed DbCommand (5ms) [Parameters=[@__p_0='?' (DbType = Int32)], CommandType='"Text"', CommandTimeout='30']
SELECT TOP(@__p_0) [o].[Id], [o].[CreatedAt], [o].[Error], [o].[Payload], [o].[ProcessedAt], [o].[RetryCount], [o].[Type]
FROM [OutboxMessages] AS [o]
WHERE [o].[ProcessedAt] IS NULL AND [o].[RetryCount] < 3
ORDER BY [o].[CreatedAt]
2026-03-12 19:30:38.755 -03:00 [INF] Request starting HTTP/2 PUT https://localhost:7001/api/Tasks/2 - application/json 195
2026-03-12 19:30:38.760 -03:00 [INF] Executing endpoint 'TaskFlow.API.Controllers.TasksController.Update (TaskFlow.API)'
2026-03-12 19:30:38.765 -03:00 [INF] Route matched with {action = "Update", controller = "Tasks"}. Executing controller action with signature System.Threading.Tasks.Task`1[Microsoft.AspNetCore.Mvc.IActionResult] Update(Int32, TaskFlow.Application.Features.Tasks.Commands.UpdateTaskCommand) on controller TaskFlow.API.Controllers.TasksController (TaskFlow.API).
2026-03-12 19:30:38.787 -03:00 [INF] Handling UpdateTaskCommand
2026-03-12 19:30:38.800 -03:00 [INF] Executed DbCommand (4ms) [Parameters=[@__id_0='?' (DbType = Int32), @__tenantId_1='?' (DbType = Int32)], CommandType='"Text"', CommandTimeout='30']
SELECT TOP(1) [t].[Id], [t].[AssignedToUserId], [t].[CompletedAt], [t].[CreatedAt], [t].[CreatedByUserId], [t].[DeletedAt], [t].[DeletedByUserId], [t].[Description], [t].[DueDate], [t].[IsDeleted], [t].[Priority], [t].[Status], [t].[Tags], [t].[TenantId], [t].[Title], [t].[UpdatedAt]
FROM [Tasks] AS [t]
WHERE [t].[IsDeleted] = CAST(0 AS bit) AND [t].[Id] = @__id_0 AND [t].[TenantId] = @__tenantId_1
2026-03-12 19:30:38.838 -03:00 [INF] Executed DbCommand (7ms) [Parameters=[@p15='?' (DbType = Int32), @p0='?' (DbType = Int32), @p1='?' (DbType = DateTime2), @p2='?' (DbType = DateTime2), @p3='?' (DbType = Int32), @p4='?' (DbType = DateTime2), @p5='?' (DbType = Int32), @p6='?' (Size = 2000), @p7='?' (DbType = DateTime2), @p8='?' (DbType = Boolean), @p9='?' (Size = 450), @p10='?' (Size = 450), @p11='?' (Size = 4000), @p12='?' (DbType = Int32), @p13='?' (Size = 200), @p14='?' (DbType = DateTime2)], CommandType='"Text"', CommandTimeout='30']
SET IMPLICIT_TRANSACTIONS OFF;
SET NOCOUNT ON;
UPDATE [Tasks] SET [AssignedToUserId] = @p0, [CompletedAt] = @p1, [CreatedAt] = @p2, [CreatedByUserId] = @p3, [DeletedAt] = @p4, [DeletedByUserId] = @p5, [Description] = @p6, [DueDate] = @p7, [IsDeleted] = @p8, [Priority] = @p9, [Status] = @p10, [Tags] = @p11, [TenantId] = @p12, [Title] = @p13, [UpdatedAt] = @p14
OUTPUT 1
WHERE [Id] = @p15;
2026-03-12 19:30:38.873 -03:00 [INF] Handled UpdateTaskCommand
2026-03-12 19:30:38.875 -03:00 [INF] Executing OkObjectResult, writing value of type 'TaskFlow.Application.Features.Tasks.Commands.TaskDto'.
2026-03-12 19:30:38.877 -03:00 [INF] Executed action TaskFlow.API.Controllers.TasksController.Update (TaskFlow.API) in 109.9911ms
2026-03-12 19:30:38.879 -03:00 [INF] Executed endpoint 'TaskFlow.API.Controllers.TasksController.Update (TaskFlow.API)'
2026-03-12 19:30:38.881 -03:00 [INF] HTTP PUT /api/Tasks/2 responded 200 in 122.7574 ms
2026-03-12 19:30:38.883 -03:00 [INF] Request finished HTTP/2 PUT https://localhost:7001/api/Tasks/2 - 200 null application/json; charset=utf-8 127.5348ms
2026-03-12 19:30:46.769 -03:00 [INF] Executed DbCommand (6ms) [Parameters=[@__p_0='?' (DbType = Int32)], CommandType='"Text"', CommandTimeout='30']
SELECT TOP(@__p_0) [o].[Id], [o].[CreatedAt], [o].[Error], [o].[Payload], [o].[ProcessedAt], [o].[RetryCount], [o].[Type]
FROM [OutboxMessages] AS [o]
WHERE [o].[ProcessedAt] IS NULL AND [o].[RetryCount] < 3
ORDER BY [o].[CreatedAt]
2026-03-12 19:30:56.153 -03:00 [INF] Request starting HTTP/2 GET https://localhost:7001/api/Tasks/2 - null null
2026-03-12 19:30:56.157 -03:00 [INF] Executing endpoint 'TaskFlow.API.Controllers.TasksController.GetById (TaskFlow.API)'
2026-03-12 19:30:56.160 -03:00 [INF] Route matched with {action = "GetById", controller = "Tasks"}. Executing controller action with signature System.Threading.Tasks.Task`1[Microsoft.AspNetCore.Mvc.IActionResult] GetById(Int32) on controller TaskFlow.API.Controllers.TasksController (TaskFlow.API).
2026-03-12 19:30:56.167 -03:00 [INF] Handling GetTaskByIdQuery
2026-03-12 19:30:56.195 -03:00 [INF] Executed DbCommand (21ms) [Parameters=[@__id_0='?' (DbType = Int32), @__tenantId_1='?' (DbType = Int32)], CommandType='"Text"', CommandTimeout='30']
SELECT [t0].[Id], [t0].[AssignedToUserId], [t0].[CompletedAt], [t0].[CreatedAt], [t0].[CreatedByUserId], [t0].[DeletedAt], [t0].[DeletedByUserId], [t0].[Description], [t0].[DueDate], [t0].[IsDeleted], [t0].[Priority], [t0].[Status], [t0].[Tags], [t0].[TenantId], [t0].[Title], [t0].[UpdatedAt], [t0].[Id0], [t0].[CreatedAt0], [t0].[DeletedAt0], [t0].[DeletedByUserId0], [t0].[Email], [t0].[FullName], [t0].[IsActive], [t0].[IsDeleted0], [t0].[PasswordHash], [t0].[Role], [t0].[TenantId0], [t0].[UpdatedAt0], [t0].[Id1], [t0].[CreatedAt1], [t0].[DeletedAt1], [t0].[DeletedByUserId1], [t0].[Email0], [t0].[FullName0], [t0].[IsActive0], [t0].[IsDeleted1], [t0].[PasswordHash0], [t0].[Role0], [t0].[TenantId1], [t0].[UpdatedAt1], [t1].[Id], [t1].[Content], [t1].[CreatedAt], [t1].[DeletedAt], [t1].[DeletedByUserId], [t1].[IsDeleted], [t1].[IsEdited], [t1].[TaskItemId], [t1].[TenantId], [t1].[UpdatedAt], [t1].[UserId], [t1].[Id0], [t1].[CreatedAt0], [t1].[DeletedAt0], [t1].[DeletedByUserId0], [t1].[Email], [t1].[FullName], [t1].[IsActive], [t1].[IsDeleted0], [t1].[PasswordHash], [t1].[Role], [t1].[TenantId0], [t1].[UpdatedAt0]
FROM (
    SELECT TOP(1) [t].[Id], [t].[AssignedToUserId], [t].[CompletedAt], [t].[CreatedAt], [t].[CreatedByUserId], [t].[DeletedAt], [t].[DeletedByUserId], [t].[Description], [t].[DueDate], [t].[IsDeleted], [t].[Priority], [t].[Status], [t].[Tags], [t].[TenantId], [t].[Title], [t].[UpdatedAt], [u].[Id] AS [Id0], [u].[CreatedAt] AS [CreatedAt0], [u].[DeletedAt] AS [DeletedAt0], [u].[DeletedByUserId] AS [DeletedByUserId0], [u].[Email], [u].[FullName], [u].[IsActive], [u].[IsDeleted] AS [IsDeleted0], [u].[PasswordHash], [u].[Role], [u].[TenantId] AS [TenantId0], [u].[UpdatedAt] AS [UpdatedAt0], [u0].[Id] AS [Id1], [u0].[CreatedAt] AS [CreatedAt1], [u0].[DeletedAt] AS [DeletedAt1], [u0].[DeletedByUserId] AS [DeletedByUserId1], [u0].[Email] AS [Email0], [u0].[FullName] AS [FullName0], [u0].[IsActive] AS [IsActive0], [u0].[IsDeleted] AS [IsDeleted1], [u0].[PasswordHash] AS [PasswordHash0], [u0].[Role] AS [Role0], [u0].[TenantId] AS [TenantId1], [u0].[UpdatedAt] AS [UpdatedAt1]
    FROM [Tasks] AS [t]
    INNER JOIN [Users] AS [u] ON [t].[CreatedByUserId] = [u].[Id]
    LEFT JOIN [Users] AS [u0] ON [t].[AssignedToUserId] = [u0].[Id]
    WHERE [t].[IsDeleted] = CAST(0 AS bit) AND [t].[Id] = @__id_0 AND [t].[TenantId] = @__tenantId_1
) AS [t0]
LEFT JOIN (
    SELECT [t2].[Id], [t2].[Content], [t2].[CreatedAt], [t2].[DeletedAt], [t2].[DeletedByUserId], [t2].[IsDeleted], [t2].[IsEdited], [t2].[TaskItemId], [t2].[TenantId], [t2].[UpdatedAt], [t2].[UserId], [u1].[Id] AS [Id0], [u1].[CreatedAt] AS [CreatedAt0], [u1].[DeletedAt] AS [DeletedAt0], [u1].[DeletedByUserId] AS [DeletedByUserId0], [u1].[Email], [u1].[FullName], [u1].[IsActive], [u1].[IsDeleted] AS [IsDeleted0], [u1].[PasswordHash], [u1].[Role], [u1].[TenantId] AS [TenantId0], [u1].[UpdatedAt] AS [UpdatedAt0]
    FROM [TaskComments] AS [t2]
    INNER JOIN [Users] AS [u1] ON [t2].[UserId] = [u1].[Id]
    WHERE [t2].[IsDeleted] = CAST(0 AS bit)
) AS [t1] ON [t0].[Id] = [t1].[TaskItemId]
ORDER BY [t0].[Id], [t0].[Id0], [t0].[Id1], [t1].[Id]
2026-03-12 19:30:56.213 -03:00 [INF] Handled GetTaskByIdQuery
2026-03-12 19:30:56.214 -03:00 [INF] Executing OkObjectResult, writing value of type 'TaskFlow.Application.Features.Tasks.Commands.TaskDto'.
2026-03-12 19:30:56.216 -03:00 [INF] Executed action TaskFlow.API.Controllers.TasksController.GetById (TaskFlow.API) in 49.9479ms
2026-03-12 19:30:56.219 -03:00 [INF] Executed endpoint 'TaskFlow.API.Controllers.TasksController.GetById (TaskFlow.API)'
2026-03-12 19:30:56.221 -03:00 [INF] HTTP GET /api/Tasks/2 responded 200 in 64.4642 ms
2026-03-12 19:30:56.228 -03:00 [INF] Request finished HTTP/2 GET https://localhost:7001/api/Tasks/2 - 200 null application/json; charset=utf-8 75.6628ms
2026-03-12 19:30:56.795 -03:00 [INF] Executed DbCommand (1ms) [Parameters=[@__p_0='?' (DbType = Int32)], CommandType='"Text"', CommandTimeout='30']
SELECT TOP(@__p_0) [o].[Id], [o].[CreatedAt], [o].[Error], [o].[Payload], [o].[ProcessedAt], [o].[RetryCount], [o].[Type]
FROM [OutboxMessages] AS [o]
WHERE [o].[ProcessedAt] IS NULL AND [o].[RetryCount] < 3
ORDER BY [o].[CreatedAt]
2026-03-12 19:31:06.816 -03:00 [INF] Executed DbCommand (3ms) [Parameters=[@__p_0='?' (DbType = Int32)], CommandType='"Text"', CommandTimeout='30']
SELECT TOP(@__p_0) [o].[Id], [o].[CreatedAt], [o].[Error], [o].[Payload], [o].[ProcessedAt], [o].[RetryCount], [o].[Type]
FROM [OutboxMessages] AS [o]
WHERE [o].[ProcessedAt] IS NULL AND [o].[RetryCount] < 3
ORDER BY [o].[CreatedAt]
